<?xml version="1.0" encoding="UTF-8"?>
<testsuite name="com.fastcampus.demo.repository.UserRepositoryTest" tests="1" skipped="0" failures="0" errors="0" timestamp="2020-11-19T08:34:43" hostname="imseongmin-ui-MacBookPro-2.local" time="0.328">
  <properties/>
  <testcase name="read()" classname="com.fastcampus.demo.repository.UserRepositoryTest" time="0.328"/>
  <system-out><![CDATA[17:34:39.191 [Test worker] DEBUG org.springframework.test.context.BootstrapUtils - Instantiating CacheAwareContextLoaderDelegate from class [org.springframework.test.context.cache.DefaultCacheAwareContextLoaderDelegate]
17:34:39.210 [Test worker] DEBUG org.springframework.test.context.BootstrapUtils - Instantiating BootstrapContext using constructor [public org.springframework.test.context.support.DefaultBootstrapContext(java.lang.Class,org.springframework.test.context.CacheAwareContextLoaderDelegate)]
17:34:39.247 [Test worker] DEBUG org.springframework.test.context.BootstrapUtils - Instantiating TestContextBootstrapper for test class [com.fastcampus.demo.repository.UserRepositoryTest] from class [org.springframework.boot.test.context.SpringBootTestContextBootstrapper]
17:34:39.264 [Test worker] INFO org.springframework.boot.test.context.SpringBootTestContextBootstrapper - Neither @ContextConfiguration nor @ContextHierarchy found for test class [com.fastcampus.demo.repository.UserRepositoryTest], using SpringBootContextLoader
17:34:39.269 [Test worker] DEBUG org.springframework.test.context.support.AbstractContextLoader - Did not detect default resource location for test class [com.fastcampus.demo.repository.UserRepositoryTest]: class path resource [com/fastcampus/demo/repository/UserRepositoryTest-context.xml] does not exist
17:34:39.269 [Test worker] DEBUG org.springframework.test.context.support.AbstractContextLoader - Did not detect default resource location for test class [com.fastcampus.demo.repository.UserRepositoryTest]: class path resource [com/fastcampus/demo/repository/UserRepositoryTestContext.groovy] does not exist
17:34:39.270 [Test worker] INFO org.springframework.test.context.support.AbstractContextLoader - Could not detect default resource locations for test class [com.fastcampus.demo.repository.UserRepositoryTest]: no resource found for suffixes {-context.xml, Context.groovy}.
17:34:39.271 [Test worker] INFO org.springframework.test.context.support.AnnotationConfigContextLoaderUtils - Could not detect default configuration classes for test class [com.fastcampus.demo.repository.UserRepositoryTest]: UserRepositoryTest does not declare any static, non-private, non-final, nested classes annotated with @Configuration.
17:34:39.330 [Test worker] DEBUG org.springframework.test.context.support.ActiveProfilesUtils - Could not find an 'annotation declaring class' for annotation type [org.springframework.test.context.ActiveProfiles] and class [com.fastcampus.demo.repository.UserRepositoryTest]
17:34:39.408 [Test worker] DEBUG org.springframework.context.annotation.ClassPathScanningCandidateComponentProvider - Identified candidate component class: file [/Users/imseongmin/workspace/java/studySpring/build/classes/java/main/com/fastcampus/demo/DemoApplication.class]
17:34:39.409 [Test worker] INFO org.springframework.boot.test.context.SpringBootTestContextBootstrapper - Found @SpringBootConfiguration com.fastcampus.demo.DemoApplication for test class com.fastcampus.demo.repository.UserRepositoryTest
17:34:39.519 [Test worker] DEBUG org.springframework.boot.test.context.SpringBootTestContextBootstrapper - @TestExecutionListeners is not present for class [com.fastcampus.demo.repository.UserRepositoryTest]: using defaults.
17:34:39.520 [Test worker] INFO org.springframework.boot.test.context.SpringBootTestContextBootstrapper - Loaded default TestExecutionListener class names from location [META-INF/spring.factories]: [org.springframework.boot.test.autoconfigure.restdocs.RestDocsTestExecutionListener, org.springframework.boot.test.autoconfigure.web.client.MockRestServiceServerResetTestExecutionListener, org.springframework.boot.test.autoconfigure.web.servlet.MockMvcPrintOnlyOnFailureTestExecutionListener, org.springframework.boot.test.autoconfigure.web.servlet.WebDriverTestExecutionListener, org.springframework.boot.test.autoconfigure.webservices.client.MockWebServiceServerTestExecutionListener, org.springframework.boot.test.mock.mockito.MockitoTestExecutionListener, org.springframework.boot.test.mock.mockito.ResetMocksTestExecutionListener, org.springframework.test.context.web.ServletTestExecutionListener, org.springframework.test.context.support.DirtiesContextBeforeModesTestExecutionListener, org.springframework.test.context.support.DependencyInjectionTestExecutionListener, org.springframework.test.context.support.DirtiesContextTestExecutionListener, org.springframework.test.context.transaction.TransactionalTestExecutionListener, org.springframework.test.context.jdbc.SqlScriptsTestExecutionListener, org.springframework.test.context.event.EventPublishingTestExecutionListener]
17:34:39.540 [Test worker] INFO org.springframework.boot.test.context.SpringBootTestContextBootstrapper - Using TestExecutionListeners: [org.springframework.test.context.web.ServletTestExecutionListener@51e09613, org.springframework.test.context.support.DirtiesContextBeforeModesTestExecutionListener@75f01f72, org.springframework.boot.test.mock.mockito.MockitoTestExecutionListener@2528329a, org.springframework.boot.test.autoconfigure.SpringBootDependencyInjectionTestExecutionListener@5a80dc73, org.springframework.test.context.support.DirtiesContextTestExecutionListener@f85993e, org.springframework.test.context.transaction.TransactionalTestExecutionListener@7afb0c33, org.springframework.test.context.jdbc.SqlScriptsTestExecutionListener@1e234d14, org.springframework.test.context.event.EventPublishingTestExecutionListener@429c79e7, org.springframework.boot.test.autoconfigure.restdocs.RestDocsTestExecutionListener@617354e3, org.springframework.boot.test.autoconfigure.web.client.MockRestServiceServerResetTestExecutionListener@43cb466a, org.springframework.boot.test.autoconfigure.web.servlet.MockMvcPrintOnlyOnFailureTestExecutionListener@4704f8ea, org.springframework.boot.test.autoconfigure.web.servlet.WebDriverTestExecutionListener@66f6e2ac, org.springframework.boot.test.autoconfigure.webservices.client.MockWebServiceServerTestExecutionListener@1d5966dd, org.springframework.boot.test.mock.mockito.ResetMocksTestExecutionListener@4389b0a]
17:34:39.544 [Test worker] DEBUG org.springframework.test.context.support.AbstractDirtiesContextTestExecutionListener - Before test class: context [DefaultTestContext@1871a21 testClass = UserRepositoryTest, testInstance = [null], testMethod = [null], testException = [null], mergedContextConfiguration = [WebMergedContextConfiguration@2e8d9d71 testClass = UserRepositoryTest, locations = '{}', classes = '{class com.fastcampus.demo.DemoApplication}', contextInitializerClasses = '[]', activeProfiles = '{}', propertySourceLocations = '{}', propertySourceProperties = '{org.springframework.boot.test.context.SpringBootTestContextBootstrapper=true}', contextCustomizers = set[org.springframework.boot.test.autoconfigure.properties.PropertyMappingContextCustomizer@0, org.springframework.boot.test.autoconfigure.web.servlet.WebDriverContextCustomizerFactory$Customizer@2722a13a, org.springframework.boot.test.context.filter.ExcludeFilterContextCustomizer@50565768, org.springframework.boot.test.json.DuplicateJsonObjectContextCustomizerFactory$DuplicateJsonObjectContextCustomizer@6913a071, org.springframework.boot.test.mock.mockito.MockitoContextCustomizer@0, org.springframework.boot.test.web.client.TestRestTemplateContextCustomizer@7d86d466, org.springframework.boot.test.context.SpringBootTestArgs@1, org.springframework.boot.test.context.SpringBootTestWebEnvironment@37432f6f], resourceBasePath = 'src/main/webapp', contextLoader = 'org.springframework.boot.test.context.SpringBootContextLoader', parent = [null]], attributes = map['org.springframework.test.context.web.ServletTestExecutionListener.activateListener' -> true]], class annotated with @DirtiesContext [false] with mode [null].
17:34:39.575 [Test worker] DEBUG org.springframework.test.context.support.TestPropertySourceUtils - Adding inlined properties to environment: {spring.jmx.enabled=false, org.springframework.boot.test.context.SpringBootTestContextBootstrapper=true}

  .   ____          _            __ _ _
 /\\ / ___'_ __ _ _(_)_ __  __ _ \ \ \ \
( ( )\___ | '_ | '_| | '_ \/ _` | \ \ \ \
 \\/  ___)| |_)| | | | | || (_| |  ) ) ) )
  '  |____| .__|_| |_|_| |_\__, | / / / /
 =========|_|==============|___/=/_/_/_/
 :: Spring Boot ::        (v2.3.6.RELEASE)

2020-11-19 17:34:40.102  INFO 8565 --- [    Test worker] c.f.demo.repository.UserRepositoryTest   : Starting UserRepositoryTest on imseongmin-ui-MacBookPro-2.local with PID 8565 (started by imseongmin in /Users/imseongmin/workspace/java/studySpring)
2020-11-19 17:34:40.104  INFO 8565 --- [    Test worker] c.f.demo.repository.UserRepositoryTest   : No active profile set, falling back to default profiles: default
2020-11-19 17:34:40.909  INFO 8565 --- [    Test worker] .s.d.r.c.RepositoryConfigurationDelegate : Bootstrapping Spring Data JPA repositories in DEFERRED mode.
2020-11-19 17:34:40.998  INFO 8565 --- [    Test worker] .s.d.r.c.RepositoryConfigurationDelegate : Finished Spring Data repository scanning in 80ms. Found 7 JPA repository interfaces.
2020-11-19 17:34:41.568  INFO 8565 --- [    Test worker] o.s.s.concurrent.ThreadPoolTaskExecutor  : Initializing ExecutorService 'applicationTaskExecutor'
2020-11-19 17:34:41.586  INFO 8565 --- [    Test worker] com.zaxxer.hikari.HikariDataSource       : HikariPool-1 - Starting...
2020-11-19 17:34:41.790  INFO 8565 --- [    Test worker] com.zaxxer.hikari.HikariDataSource       : HikariPool-1 - Start completed.
2020-11-19 17:34:41.867  INFO 8565 --- [         task-1] o.hibernate.jpa.internal.util.LogHelper  : HHH000204: Processing PersistenceUnitInfo [name: default]
2020-11-19 17:34:41.927  INFO 8565 --- [         task-1] org.hibernate.Version                    : HHH000412: Hibernate ORM core version 5.4.23.Final
2020-11-19 17:34:42.095  WARN 8565 --- [    Test worker] JpaBaseConfiguration$JpaWebConfiguration : spring.jpa.open-in-view is enabled by default. Therefore, database queries may be performed during view rendering. Explicitly configure spring.jpa.open-in-view to disable this warning
2020-11-19 17:34:42.115  INFO 8565 --- [         task-1] o.hibernate.annotations.common.Version   : HCANN000001: Hibernate Commons Annotations {5.1.2.Final}
2020-11-19 17:34:42.264  INFO 8565 --- [         task-1] org.hibernate.dialect.Dialect            : HHH000400: Using dialect: org.hibernate.dialect.MySQL8Dialect
2020-11-19 17:34:42.739  INFO 8565 --- [    Test worker] DeferredRepositoryInitializationListener : Triggering deferred initialization of Spring Data repositories…
2020-11-19 17:34:43.006  INFO 8565 --- [         task-1] o.h.e.t.j.p.i.JtaPlatformInitiator       : HHH000490: Using JtaPlatform implementation: [org.hibernate.engine.transaction.jta.platform.internal.NoJtaPlatform]
2020-11-19 17:34:43.015  INFO 8565 --- [         task-1] j.LocalContainerEntityManagerFactoryBean : Initialized JPA EntityManagerFactory for persistence unit 'default'
2020-11-19 17:34:43.411  INFO 8565 --- [    Test worker] DeferredRepositoryInitializationListener : Spring Data repositories initialized!
2020-11-19 17:34:43.420  INFO 8565 --- [    Test worker] c.f.demo.repository.UserRepositoryTest   : Started UserRepositoryTest in 3.835 seconds (JVM running for 5.176)
2020-11-19 17:34:43.451  INFO 8565 --- [    Test worker] o.s.t.c.transaction.TransactionContext   : Began transaction (1) for test context [DefaultTestContext@1871a21 testClass = UserRepositoryTest, testInstance = com.fastcampus.demo.repository.UserRepositoryTest@358aadce, testMethod = read@UserRepositoryTest, testException = [null], mergedContextConfiguration = [WebMergedContextConfiguration@2e8d9d71 testClass = UserRepositoryTest, locations = '{}', classes = '{class com.fastcampus.demo.DemoApplication}', contextInitializerClasses = '[]', activeProfiles = '{}', propertySourceLocations = '{}', propertySourceProperties = '{org.springframework.boot.test.context.SpringBootTestContextBootstrapper=true}', contextCustomizers = set[org.springframework.boot.test.autoconfigure.properties.PropertyMappingContextCustomizer@0, org.springframework.boot.test.autoconfigure.web.servlet.WebDriverContextCustomizerFactory$Customizer@2722a13a, org.springframework.boot.test.context.filter.ExcludeFilterContextCustomizer@50565768, org.springframework.boot.test.json.DuplicateJsonObjectContextCustomizerFactory$DuplicateJsonObjectContextCustomizer@6913a071, org.springframework.boot.test.mock.mockito.MockitoContextCustomizer@0, org.springframework.boot.test.web.client.TestRestTemplateContextCustomizer@7d86d466, org.springframework.boot.test.context.SpringBootTestArgs@1, org.springframework.boot.test.context.SpringBootTestWebEnvironment@37432f6f], resourceBasePath = 'src/main/webapp', contextLoader = 'org.springframework.boot.test.context.SpringBootContextLoader', parent = [null]], attributes = map['org.springframework.test.context.web.ServletTestExecutionListener.activateListener' -> true, 'org.springframework.test.context.web.ServletTestExecutionListener.populatedRequestContextHolder' -> true, 'org.springframework.test.context.web.ServletTestExecutionListener.resetRequestContextHolder' -> true]]; transaction manager [org.springframework.orm.jpa.JpaTransactionManager@75e985e0]; rollback [true]
2020-11-19 17:34:43.766  INFO 8565 --- [    Test worker] o.s.t.c.transaction.TransactionContext   : Rolled back transaction for test: [DefaultTestContext@1871a21 testClass = UserRepositoryTest, testInstance = com.fastcampus.demo.repository.UserRepositoryTest@358aadce, testMethod = read@UserRepositoryTest, testException = [null], mergedContextConfiguration = [WebMergedContextConfiguration@2e8d9d71 testClass = UserRepositoryTest, locations = '{}', classes = '{class com.fastcampus.demo.DemoApplication}', contextInitializerClasses = '[]', activeProfiles = '{}', propertySourceLocations = '{}', propertySourceProperties = '{org.springframework.boot.test.context.SpringBootTestContextBootstrapper=true}', contextCustomizers = set[org.springframework.boot.test.autoconfigure.properties.PropertyMappingContextCustomizer@0, org.springframework.boot.test.autoconfigure.web.servlet.WebDriverContextCustomizerFactory$Customizer@2722a13a, org.springframework.boot.test.context.filter.ExcludeFilterContextCustomizer@50565768, org.springframework.boot.test.json.DuplicateJsonObjectContextCustomizerFactory$DuplicateJsonObjectContextCustomizer@6913a071, org.springframework.boot.test.mock.mockito.MockitoContextCustomizer@0, org.springframework.boot.test.web.client.TestRestTemplateContextCustomizer@7d86d466, org.springframework.boot.test.context.SpringBootTestArgs@1, org.springframework.boot.test.context.SpringBootTestWebEnvironment@37432f6f], resourceBasePath = 'src/main/webapp', contextLoader = 'org.springframework.boot.test.context.SpringBootContextLoader', parent = [null]], attributes = map['org.springframework.test.context.web.ServletTestExecutionListener.activateListener' -> true, 'org.springframework.test.context.web.ServletTestExecutionListener.populatedRequestContextHolder' -> true, 'org.springframework.test.context.web.ServletTestExecutionListener.resetRequestContextHolder' -> true]]
]]></system-out>
  <system-err><![CDATA[]]></system-err>
</testsuite>
