<?xml version="1.0" encoding="UTF-8"?>
<testsuite name="com.fastcampus.demo.repository.ItemRepositoryTest" tests="1" skipped="0" failures="0" errors="0" timestamp="2020-11-19T09:59:20" hostname="imseongmin-ui-MacBookPro-2.local" time="0.271">
  <properties/>
  <testcase name="create()" classname="com.fastcampus.demo.repository.ItemRepositoryTest" time="0.271"/>
  <system-out><![CDATA[18:59:16.817 [Test worker] DEBUG org.springframework.test.context.BootstrapUtils - Instantiating CacheAwareContextLoaderDelegate from class [org.springframework.test.context.cache.DefaultCacheAwareContextLoaderDelegate]
18:59:16.830 [Test worker] DEBUG org.springframework.test.context.BootstrapUtils - Instantiating BootstrapContext using constructor [public org.springframework.test.context.support.DefaultBootstrapContext(java.lang.Class,org.springframework.test.context.CacheAwareContextLoaderDelegate)]
18:59:16.857 [Test worker] DEBUG org.springframework.test.context.BootstrapUtils - Instantiating TestContextBootstrapper for test class [com.fastcampus.demo.repository.ItemRepositoryTest] from class [org.springframework.boot.test.context.SpringBootTestContextBootstrapper]
18:59:16.874 [Test worker] INFO org.springframework.boot.test.context.SpringBootTestContextBootstrapper - Neither @ContextConfiguration nor @ContextHierarchy found for test class [com.fastcampus.demo.repository.ItemRepositoryTest], using SpringBootContextLoader
18:59:16.878 [Test worker] DEBUG org.springframework.test.context.support.AbstractContextLoader - Did not detect default resource location for test class [com.fastcampus.demo.repository.ItemRepositoryTest]: class path resource [com/fastcampus/demo/repository/ItemRepositoryTest-context.xml] does not exist
18:59:16.879 [Test worker] DEBUG org.springframework.test.context.support.AbstractContextLoader - Did not detect default resource location for test class [com.fastcampus.demo.repository.ItemRepositoryTest]: class path resource [com/fastcampus/demo/repository/ItemRepositoryTestContext.groovy] does not exist
18:59:16.880 [Test worker] INFO org.springframework.test.context.support.AbstractContextLoader - Could not detect default resource locations for test class [com.fastcampus.demo.repository.ItemRepositoryTest]: no resource found for suffixes {-context.xml, Context.groovy}.
18:59:16.880 [Test worker] INFO org.springframework.test.context.support.AnnotationConfigContextLoaderUtils - Could not detect default configuration classes for test class [com.fastcampus.demo.repository.ItemRepositoryTest]: ItemRepositoryTest does not declare any static, non-private, non-final, nested classes annotated with @Configuration.
18:59:16.921 [Test worker] DEBUG org.springframework.test.context.support.ActiveProfilesUtils - Could not find an 'annotation declaring class' for annotation type [org.springframework.test.context.ActiveProfiles] and class [com.fastcampus.demo.repository.ItemRepositoryTest]
18:59:16.986 [Test worker] DEBUG org.springframework.context.annotation.ClassPathScanningCandidateComponentProvider - Identified candidate component class: file [/Users/imseongmin/workspace/java/studySpring/build/classes/java/main/com/fastcampus/demo/DemoApplication.class]
18:59:16.987 [Test worker] INFO org.springframework.boot.test.context.SpringBootTestContextBootstrapper - Found @SpringBootConfiguration com.fastcampus.demo.DemoApplication for test class com.fastcampus.demo.repository.ItemRepositoryTest
18:59:17.090 [Test worker] DEBUG org.springframework.boot.test.context.SpringBootTestContextBootstrapper - @TestExecutionListeners is not present for class [com.fastcampus.demo.repository.ItemRepositoryTest]: using defaults.
18:59:17.090 [Test worker] INFO org.springframework.boot.test.context.SpringBootTestContextBootstrapper - Loaded default TestExecutionListener class names from location [META-INF/spring.factories]: [org.springframework.boot.test.autoconfigure.restdocs.RestDocsTestExecutionListener, org.springframework.boot.test.autoconfigure.web.client.MockRestServiceServerResetTestExecutionListener, org.springframework.boot.test.autoconfigure.web.servlet.MockMvcPrintOnlyOnFailureTestExecutionListener, org.springframework.boot.test.autoconfigure.web.servlet.WebDriverTestExecutionListener, org.springframework.boot.test.autoconfigure.webservices.client.MockWebServiceServerTestExecutionListener, org.springframework.boot.test.mock.mockito.MockitoTestExecutionListener, org.springframework.boot.test.mock.mockito.ResetMocksTestExecutionListener, org.springframework.test.context.web.ServletTestExecutionListener, org.springframework.test.context.support.DirtiesContextBeforeModesTestExecutionListener, org.springframework.test.context.support.DependencyInjectionTestExecutionListener, org.springframework.test.context.support.DirtiesContextTestExecutionListener, org.springframework.test.context.transaction.TransactionalTestExecutionListener, org.springframework.test.context.jdbc.SqlScriptsTestExecutionListener, org.springframework.test.context.event.EventPublishingTestExecutionListener]
18:59:17.105 [Test worker] INFO org.springframework.boot.test.context.SpringBootTestContextBootstrapper - Using TestExecutionListeners: [org.springframework.test.context.web.ServletTestExecutionListener@201a80be, org.springframework.test.context.support.DirtiesContextBeforeModesTestExecutionListener@2a68a3ee, org.springframework.boot.test.mock.mockito.MockitoTestExecutionListener@5f8f676a, org.springframework.boot.test.autoconfigure.SpringBootDependencyInjectionTestExecutionListener@4a93536d, org.springframework.test.context.support.DirtiesContextTestExecutionListener@3ef835f1, org.springframework.test.context.transaction.TransactionalTestExecutionListener@51e09613, org.springframework.test.context.jdbc.SqlScriptsTestExecutionListener@75f01f72, org.springframework.test.context.event.EventPublishingTestExecutionListener@2528329a, org.springframework.boot.test.autoconfigure.restdocs.RestDocsTestExecutionListener@5a80dc73, org.springframework.boot.test.autoconfigure.web.client.MockRestServiceServerResetTestExecutionListener@f85993e, org.springframework.boot.test.autoconfigure.web.servlet.MockMvcPrintOnlyOnFailureTestExecutionListener@7afb0c33, org.springframework.boot.test.autoconfigure.web.servlet.WebDriverTestExecutionListener@1e234d14, org.springframework.boot.test.autoconfigure.webservices.client.MockWebServiceServerTestExecutionListener@429c79e7, org.springframework.boot.test.mock.mockito.ResetMocksTestExecutionListener@617354e3]
18:59:17.110 [Test worker] DEBUG org.springframework.test.context.support.AbstractDirtiesContextTestExecutionListener - Before test class: context [DefaultTestContext@1474eeee testClass = ItemRepositoryTest, testInstance = [null], testMethod = [null], testException = [null], mergedContextConfiguration = [WebMergedContextConfiguration@1d8c767c testClass = ItemRepositoryTest, locations = '{}', classes = '{class com.fastcampus.demo.DemoApplication}', contextInitializerClasses = '[]', activeProfiles = '{}', propertySourceLocations = '{}', propertySourceProperties = '{org.springframework.boot.test.context.SpringBootTestContextBootstrapper=true}', contextCustomizers = set[org.springframework.boot.test.autoconfigure.properties.PropertyMappingContextCustomizer@0, org.springframework.boot.test.autoconfigure.web.servlet.WebDriverContextCustomizerFactory$Customizer@53934f6f, org.springframework.boot.test.context.filter.ExcludeFilterContextCustomizer@1937ff8f, org.springframework.boot.test.json.DuplicateJsonObjectContextCustomizerFactory$DuplicateJsonObjectContextCustomizer@5ae9dee1, org.springframework.boot.test.mock.mockito.MockitoContextCustomizer@0, org.springframework.boot.test.web.client.TestRestTemplateContextCustomizer@27b24b8e, org.springframework.boot.test.context.SpringBootTestArgs@1, org.springframework.boot.test.context.SpringBootTestWebEnvironment@37432f6f], resourceBasePath = 'src/main/webapp', contextLoader = 'org.springframework.boot.test.context.SpringBootContextLoader', parent = [null]], attributes = map['org.springframework.test.context.web.ServletTestExecutionListener.activateListener' -> true]], class annotated with @DirtiesContext [false] with mode [null].
18:59:17.136 [Test worker] DEBUG org.springframework.test.context.support.TestPropertySourceUtils - Adding inlined properties to environment: {spring.jmx.enabled=false, org.springframework.boot.test.context.SpringBootTestContextBootstrapper=true}

  .   ____          _            __ _ _
 /\\ / ___'_ __ _ _(_)_ __  __ _ \ \ \ \
( ( )\___ | '_ | '_| | '_ \/ _` | \ \ \ \
 \\/  ___)| |_)| | | | | || (_| |  ) ) ) )
  '  |____| .__|_| |_|_| |_\__, | / / / /
 =========|_|==============|___/=/_/_/_/
 :: Spring Boot ::        (v2.3.6.RELEASE)

2020-11-19 18:59:17.394  INFO 10784 --- [    Test worker] c.f.demo.repository.ItemRepositoryTest   : Starting ItemRepositoryTest on imseongmin-ui-MacBookPro-2.local with PID 10784 (started by imseongmin in /Users/imseongmin/workspace/java/studySpring)
2020-11-19 18:59:17.396  INFO 10784 --- [    Test worker] c.f.demo.repository.ItemRepositoryTest   : No active profile set, falling back to default profiles: default
2020-11-19 18:59:18.076  INFO 10784 --- [    Test worker] .s.d.r.c.RepositoryConfigurationDelegate : Bootstrapping Spring Data JPA repositories in DEFERRED mode.
2020-11-19 18:59:18.154  INFO 10784 --- [    Test worker] .s.d.r.c.RepositoryConfigurationDelegate : Finished Spring Data repository scanning in 69ms. Found 7 JPA repository interfaces.
2020-11-19 18:59:18.675  INFO 10784 --- [    Test worker] o.s.s.concurrent.ThreadPoolTaskExecutor  : Initializing ExecutorService 'applicationTaskExecutor'
2020-11-19 18:59:18.695  INFO 10784 --- [    Test worker] com.zaxxer.hikari.HikariDataSource       : HikariPool-1 - Starting...
2020-11-19 18:59:18.887  INFO 10784 --- [    Test worker] com.zaxxer.hikari.HikariDataSource       : HikariPool-1 - Start completed.
2020-11-19 18:59:18.965  INFO 10784 --- [         task-1] o.hibernate.jpa.internal.util.LogHelper  : HHH000204: Processing PersistenceUnitInfo [name: default]
2020-11-19 18:59:19.020  INFO 10784 --- [         task-1] org.hibernate.Version                    : HHH000412: Hibernate ORM core version 5.4.23.Final
2020-11-19 18:59:19.188  WARN 10784 --- [    Test worker] JpaBaseConfiguration$JpaWebConfiguration : spring.jpa.open-in-view is enabled by default. Therefore, database queries may be performed during view rendering. Explicitly configure spring.jpa.open-in-view to disable this warning
2020-11-19 18:59:19.198  INFO 10784 --- [         task-1] o.hibernate.annotations.common.Version   : HCANN000001: Hibernate Commons Annotations {5.1.2.Final}
2020-11-19 18:59:19.334  INFO 10784 --- [         task-1] org.hibernate.dialect.Dialect            : HHH000400: Using dialect: org.hibernate.dialect.MySQL8Dialect
2020-11-19 18:59:19.823  INFO 10784 --- [    Test worker] DeferredRepositoryInitializationListener : Triggering deferred initialization of Spring Data repositories…
2020-11-19 18:59:20.123  INFO 10784 --- [         task-1] o.h.e.t.j.p.i.JtaPlatformInitiator       : HHH000490: Using JtaPlatform implementation: [org.hibernate.engine.transaction.jta.platform.internal.NoJtaPlatform]
2020-11-19 18:59:20.133  INFO 10784 --- [         task-1] j.LocalContainerEntityManagerFactoryBean : Initialized JPA EntityManagerFactory for persistence unit 'default'
2020-11-19 18:59:20.502  INFO 10784 --- [    Test worker] DeferredRepositoryInitializationListener : Spring Data repositories initialized!
2020-11-19 18:59:20.510  INFO 10784 --- [    Test worker] c.f.demo.repository.ItemRepositoryTest   : Started ItemRepositoryTest in 3.365 seconds (JVM running for 4.417)
]]></system-out>
  <system-err><![CDATA[]]></system-err>
</testsuite>
