<?xml version="1.0" encoding="UTF-8"?>
<testsuite name="com.fastcampus.demo.DemoApplicationTests" tests="1" skipped="0" failures="0" errors="0" timestamp="2020-11-19T05:20:53" hostname="imseongmin-ui-MacBookPro-2.local" time="0.368">
  <properties/>
  <testcase name="contextLoads()" classname="com.fastcampus.demo.DemoApplicationTests" time="0.368"/>
  <system-out><![CDATA[14:20:51.493 [Test worker] DEBUG org.springframework.test.context.BootstrapUtils - Instantiating CacheAwareContextLoaderDelegate from class [org.springframework.test.context.cache.DefaultCacheAwareContextLoaderDelegate]
14:20:51.516 [Test worker] DEBUG org.springframework.test.context.BootstrapUtils - Instantiating BootstrapContext using constructor [public org.springframework.test.context.support.DefaultBootstrapContext(java.lang.Class,org.springframework.test.context.CacheAwareContextLoaderDelegate)]
14:20:51.546 [Test worker] DEBUG org.springframework.test.context.BootstrapUtils - Instantiating TestContextBootstrapper for test class [com.fastcampus.demo.DemoApplicationTests] from class [org.springframework.boot.test.context.SpringBootTestContextBootstrapper]
14:20:51.562 [Test worker] INFO org.springframework.boot.test.context.SpringBootTestContextBootstrapper - Neither @ContextConfiguration nor @ContextHierarchy found for test class [com.fastcampus.demo.DemoApplicationTests], using SpringBootContextLoader
14:20:51.566 [Test worker] DEBUG org.springframework.test.context.support.AbstractContextLoader - Did not detect default resource location for test class [com.fastcampus.demo.DemoApplicationTests]: class path resource [com/fastcampus/demo/DemoApplicationTests-context.xml] does not exist
14:20:51.567 [Test worker] DEBUG org.springframework.test.context.support.AbstractContextLoader - Did not detect default resource location for test class [com.fastcampus.demo.DemoApplicationTests]: class path resource [com/fastcampus/demo/DemoApplicationTestsContext.groovy] does not exist
14:20:51.568 [Test worker] INFO org.springframework.test.context.support.AbstractContextLoader - Could not detect default resource locations for test class [com.fastcampus.demo.DemoApplicationTests]: no resource found for suffixes {-context.xml, Context.groovy}.
14:20:51.569 [Test worker] INFO org.springframework.test.context.support.AnnotationConfigContextLoaderUtils - Could not detect default configuration classes for test class [com.fastcampus.demo.DemoApplicationTests]: DemoApplicationTests does not declare any static, non-private, non-final, nested classes annotated with @Configuration.
14:20:51.613 [Test worker] DEBUG org.springframework.test.context.support.ActiveProfilesUtils - Could not find an 'annotation declaring class' for annotation type [org.springframework.test.context.ActiveProfiles] and class [com.fastcampus.demo.DemoApplicationTests]
14:20:51.675 [Test worker] DEBUG org.springframework.context.annotation.ClassPathScanningCandidateComponentProvider - Identified candidate component class: file [/Users/imseongmin/workspace/java/study/build/classes/java/main/com/fastcampus/demo/DemoApplication.class]
14:20:51.676 [Test worker] INFO org.springframework.boot.test.context.SpringBootTestContextBootstrapper - Found @SpringBootConfiguration com.fastcampus.demo.DemoApplication for test class com.fastcampus.demo.DemoApplicationTests
14:20:51.777 [Test worker] DEBUG org.springframework.boot.test.context.SpringBootTestContextBootstrapper - @TestExecutionListeners is not present for class [com.fastcampus.demo.DemoApplicationTests]: using defaults.
14:20:51.778 [Test worker] INFO org.springframework.boot.test.context.SpringBootTestContextBootstrapper - Loaded default TestExecutionListener class names from location [META-INF/spring.factories]: [org.springframework.boot.test.autoconfigure.restdocs.RestDocsTestExecutionListener, org.springframework.boot.test.autoconfigure.web.client.MockRestServiceServerResetTestExecutionListener, org.springframework.boot.test.autoconfigure.web.servlet.MockMvcPrintOnlyOnFailureTestExecutionListener, org.springframework.boot.test.autoconfigure.web.servlet.WebDriverTestExecutionListener, org.springframework.boot.test.autoconfigure.webservices.client.MockWebServiceServerTestExecutionListener, org.springframework.boot.test.mock.mockito.MockitoTestExecutionListener, org.springframework.boot.test.mock.mockito.ResetMocksTestExecutionListener, org.springframework.test.context.web.ServletTestExecutionListener, org.springframework.test.context.support.DirtiesContextBeforeModesTestExecutionListener, org.springframework.test.context.support.DependencyInjectionTestExecutionListener, org.springframework.test.context.support.DirtiesContextTestExecutionListener, org.springframework.test.context.transaction.TransactionalTestExecutionListener, org.springframework.test.context.jdbc.SqlScriptsTestExecutionListener, org.springframework.test.context.event.EventPublishingTestExecutionListener]
14:20:51.789 [Test worker] DEBUG org.springframework.boot.test.context.SpringBootTestContextBootstrapper - Skipping candidate TestExecutionListener [org.springframework.test.context.transaction.TransactionalTestExecutionListener] due to a missing dependency. Specify custom listener classes or make the default listener classes and their required dependencies available. Offending class: [org.springframework.transaction.interceptor.TransactionAttributeSource]
14:20:51.790 [Test worker] DEBUG org.springframework.boot.test.context.SpringBootTestContextBootstrapper - Skipping candidate TestExecutionListener [org.springframework.test.context.jdbc.SqlScriptsTestExecutionListener] due to a missing dependency. Specify custom listener classes or make the default listener classes and their required dependencies available. Offending class: [org.springframework.transaction.interceptor.TransactionAttribute]
14:20:51.790 [Test worker] INFO org.springframework.boot.test.context.SpringBootTestContextBootstrapper - Using TestExecutionListeners: [org.springframework.test.context.web.ServletTestExecutionListener@8780fb63, org.springframework.test.context.support.DirtiesContextBeforeModesTestExecutionListener@e07fa783, org.springframework.boot.test.mock.mockito.MockitoTestExecutionListener@5fb7b636, org.springframework.boot.test.autoconfigure.SpringBootDependencyInjectionTestExecutionListener@f539df46, org.springframework.test.context.support.DirtiesContextTestExecutionListener@adba48f6, org.springframework.test.context.event.EventPublishingTestExecutionListener@dba4e5, org.springframework.boot.test.autoconfigure.restdocs.RestDocsTestExecutionListener@1b502963, org.springframework.boot.test.autoconfigure.web.client.MockRestServiceServerResetTestExecutionListener@6689f0c8, org.springframework.boot.test.autoconfigure.web.servlet.MockMvcPrintOnlyOnFailureTestExecutionListener@e0399831, org.springframework.boot.test.autoconfigure.web.servlet.WebDriverTestExecutionListener@f7174195, org.springframework.boot.test.autoconfigure.webservices.client.MockWebServiceServerTestExecutionListener@c58eec8b, org.springframework.boot.test.mock.mockito.ResetMocksTestExecutionListener@81f2a0a9]
14:20:51.796 [Test worker] DEBUG org.springframework.test.context.support.AbstractDirtiesContextTestExecutionListener - Before test class: context [DefaultTestContext@62b4735e testClass = DemoApplicationTests, testInstance = [null], testMethod = [null], testException = [null], mergedContextConfiguration = [WebMergedContextConfiguration@2635a905 testClass = DemoApplicationTests, locations = '{}', classes = '{class com.fastcampus.demo.DemoApplication}', contextInitializerClasses = '[]', activeProfiles = '{}', propertySourceLocations = '{}', propertySourceProperties = '{org.springframework.boot.test.context.SpringBootTestContextBootstrapper=true}', contextCustomizers = set[org.springframework.boot.test.autoconfigure.properties.PropertyMappingContextCustomizer@0, org.springframework.boot.test.autoconfigure.web.servlet.WebDriverContextCustomizerFactory$Customizer@5a742564, org.springframework.boot.test.context.filter.ExcludeFilterContextCustomizer@bf7b29e1, org.springframework.boot.test.json.DuplicateJsonObjectContextCustomizerFactory$DuplicateJsonObjectContextCustomizer@6133a7de, org.springframework.boot.test.mock.mockito.MockitoContextCustomizer@0, org.springframework.boot.test.web.client.TestRestTemplateContextCustomizer@692a237d, org.springframework.boot.test.context.SpringBootTestArgs@1, org.springframework.boot.test.context.SpringBootTestWebEnvironment@88438cec], resourceBasePath = 'src/main/webapp', contextLoader = 'org.springframework.boot.test.context.SpringBootContextLoader', parent = [null]], attributes = map['org.springframework.test.context.web.ServletTestExecutionListener.activateListener' -> true]], class annotated with @DirtiesContext [false] with mode [null].
14:20:51.824 [Test worker] DEBUG org.springframework.test.context.support.TestPropertySourceUtils - Adding inlined properties to environment: {spring.jmx.enabled=false, org.springframework.boot.test.context.SpringBootTestContextBootstrapper=true}

  .   ____          _            __ _ _
 /\\ / ___'_ __ _ _(_)_ __  __ _ \ \ \ \
( ( )\___ | '_ | '_| | '_ \/ _` | \ \ \ \
 \\/  ___)| |_)| | | | | || (_| |  ) ) ) )
  '  |____| .__|_| |_|_| |_\__, | / / / /
 =========|_|==============|___/=/_/_/_/
 :: Spring Boot ::        (v2.3.6.RELEASE)

2020-11-19 14:20:52.247  INFO 4562 --- [    Test worker] c.fastcampus.demo.DemoApplicationTests   : Starting DemoApplicationTests on imseongmin-ui-MacBookPro-2.local with PID 4562 (started by imseongmin in /Users/imseongmin/workspace/java/study)
2020-11-19 14:20:52.248  INFO 4562 --- [    Test worker] c.fastcampus.demo.DemoApplicationTests   : No active profile set, falling back to default profiles: default
2020-11-19 14:20:53.332  INFO 4562 --- [    Test worker] o.s.s.concurrent.ThreadPoolTaskExecutor  : Initializing ExecutorService 'applicationTaskExecutor'
2020-11-19 14:20:53.582  INFO 4562 --- [    Test worker] c.fastcampus.demo.DemoApplicationTests   : Started DemoApplicationTests in 1.748 seconds (JVM running for 3.126)
]]></system-out>
  <system-err><![CDATA[]]></system-err>
</testsuite>
